<?xml version="1.0" encoding="utf-8" standalone="no"?>
<!--This file represents the results of running a test suite-->
<test-results name="C:\Documents and Settings\Harry\My Documents\repositories\telneting_mythtv\src\TelnetingMythTv.Tests\bin\Debug\TelnetingMythTv.Tests.dll" total="1" errors="0" failures="0" not-run="0" ignored="0" skipped="0" invalid="0" date="2009-11-08" time="22:14:21">
  <environment nunit-version="2.5.0.9122" clr-version="2.0.50727.3603" os-version="Microsoft Windows NT 5.1.2600 Service Pack 3" platform="Win32NT" cwd="C:\Documents and Settings\Harry\My Documents\repositories\telneting_mythtv\src\TelnetingMythTv.Tests\bin\Debug" machine-name="BABA-BOOEY" user="Harry" user-domain="BABA-BOOEY" />
  <culture-info current-culture="en-US" current-uiculture="en-US" />
  <test-suite name="C:\Documents and Settings\Harry\My Documents\repositories\telneting_mythtv\src\TelnetingMythTv.Tests\bin\Debug\TelnetingMythTv.Tests.dll" executed="True" success="True" time="0.438" asserts="0">
    <results>
      <test-suite name="TelnetingMythTv" executed="True" success="True" time="0.406" asserts="0">
        <results>
          <test-suite name="Tests" executed="True" success="True" time="0.406" asserts="0">
            <results>
              <test-suite name="MythProtocolTests" executed="True" success="True" time="0.406" asserts="0">
                <results>
                  <test-case name="TelnetingMythTv.Tests.MythProtocolTests.CanSendCommand" executed="True" success="True" time="0.375" asserts="0" />
                </results>
              </test-suite>
            </results>
          </test-suite>
        </results>
      </test-suite>
    </results>
  </test-suite>
</test-results>